app/build/outputs/logs/manifest-merger-debug-report.txt
-- Merging decision tree log ---
manifest
ADDED from src\main\AndroidManifest.xml:17:1-281:12
	package
		ADDED from src\main\AndroidManifest.xml:18:5-49
		INJECTED from src\main\AndroidManifest.xml
		INJECTED from src\main\AndroidManifest.xml
	android:versionName
		ADDED from src\main\AndroidManifest.xml:20:5-30
	android:versionCode
		ADDED from src\main\AndroidManifest.xml:19:5-28
		INJECTED from src\main\AndroidManifest.xml
		INJECTED from src\main\AndroidManifest.xml
	xmlns:android
		ADDED from src\main\AndroidManifest.xml:17:11-69
uses-sdk
ADDED from src\main\AndroidManifest.xml:30:5-74
MERGED from [com.crashlytics.sdk.android:crashlytics:2.5.3] AndroidManifest.xml:7:5-43
MERGED from [com.crashlytics.sdk.android:beta:1.1.4] AndroidManifest.xml:7:5-43
MERGED from [io.fabric.sdk.android:fabric:1.3.8] AndroidManifest.xml:23:5-43
MERGED from [com.crashlytics.sdk.android:answers:1.3.4] AndroidManifest.xml:7:5-43
MERGED from [io.fabric.sdk.android:fabric:1.3.8] AndroidManifest.xml:23:5-43
MERGED from [com.crashlytics.sdk.android:crashlytics-core:2.3.6] AndroidManifest.xml:7:5-43
MERGED from [com.crashlytics.sdk.android:answers:1.3.4] AndroidManifest.xml:7:5-43
MERGED from [io.fabric.sdk.android:fabric:1.3.8] AndroidManifest.xml:23:5-43
MERGED from [io.fabric.sdk.android:fabric:1.3.8] AndroidManifest.xml:23:5-43
MERGED from [io.fabric.sdk.android:fabric:1.3.8] AndroidManifest.xml:23:5-43
MERGED from [com.android.support:support-v13:22.2.0] AndroidManifest.xml:20:5-44
MERGED from [com.android.support:support-v4:23.1.1] AndroidManifest.xml:20:5-43
MERGED from [com.google.android.gms:play-services-analytics:7.3.0] AndroidManifest.xml:18:5-42
MERGED from [com.google.android.gms:play-services-base:7.3.0] AndroidManifest.xml:18:5-42
MERGED from [com.android.support:support-v4:23.1.1] AndroidManifest.xml:20:5-43
MERGED from [com.android.support:appcompat-v7:22.2.0] AndroidManifest.xml:20:5-43
MERGED from [com.android.support:support-v4:23.1.1] AndroidManifest.xml:20:5-43
MERGED from [com.facebook.android:facebook-android-sdk:4.8.1] AndroidManifest.xml:24:5-26:41
MERGED from [com.android.support:support-v4:23.1.1] AndroidManifest.xml:20:5-43
MERGED from [com.android.support:multidex:1.0.1] AndroidManifest.xml:18:5-42
MERGED from [com.android.support:support-v4:23.1.1] AndroidManifest.xml:20:5-43
MERGED from [com.daimajia.slider:library:1.1.5] AndroidManifest.xml:7:5-9:41
MERGED from [Animations:WeiboSdk:unspecified] AndroidManifest.xml:7:5-9:41
MERGED from [com.android.support:appcompat-v7:22.2.0] AndroidManifest.xml:20:5-43
MERGED from [com.android.support:support-v4:23.1.1] AndroidManifest.xml:20:5-43
MERGED from [com.paypal.sdk:paypal-android-sdk:2.13.1] AndroidManifest.xml:5:5-7:41
MERGED from [io.card:android-sdk:5.3.0] AndroidManifest.xml:7:5-9:41
	android:targetSdkVersion
		ADDED from src\main\AndroidManifest.xml:30:42-71
		INJECTED from src\main\AndroidManifest.xml
		INJECTED from src\main\AndroidManifest.xml
	android:minSdkVersion
		ADDED from src\main\AndroidManifest.xml:30:15-41
		INJECTED from src\main\AndroidManifest.xml
		INJECTED from src\main\AndroidManifest.xml
uses-permission#android.permission.INTERNET
ADDED from src\main\AndroidManifest.xml:32:5-67
MERGED from [com.crashlytics.sdk.android:crashlytics:2.5.3] AndroidManifest.xml:9:5-67
MERGED from [com.crashlytics.sdk.android:beta:1.1.4] AndroidManifest.xml:9:5-67
MERGED from [io.fabric.sdk.android:fabric:1.3.8] AndroidManifest.xml:25:5-67
MERGED from [com.crashlytics.sdk.android:answers:1.3.4] AndroidManifest.xml:9:5-67
MERGED from [io.fabric.sdk.android:fabric:1.3.8] AndroidManifest.xml:25:5-67
MERGED from [com.crashlytics.sdk.android:crashlytics-core:2.3.6] AndroidManifest.xml:9:5-67
MERGED from [com.crashlytics.sdk.android:answers:1.3.4] AndroidManifest.xml:9:5-67
MERGED from [io.fabric.sdk.android:fabric:1.3.8] AndroidManifest.xml:25:5-67
MERGED from [io.fabric.sdk.android:fabric:1.3.8] AndroidManifest.xml:25:5-67
MERGED from [io.fabric.sdk.android:fabric:1.3.8] AndroidManifest.xml:25:5-67
MERGED from [com.daimajia.slider:library:1.1.5] AndroidManifest.xml:11:5-67
MERGED from [com.paypal.sdk:paypal-android-sdk:2.13.1] AndroidManifest.xml:10:5-67
	android:name
		ADDED from src\main\AndroidManifest.xml:32:22-64
uses-permission#android.permission.READ_PHONE_STATE
ADDED from src\main\AndroidManifest.xml:33:5-75
	android:name
		ADDED from src\main\AndroidManifest.xml:33:22-72
uses-permission#android.permission.ACCESS_NETWORK_STATE
ADDED from src\main\AndroidManifest.xml:34:5-79
MERGED from [com.paypal.sdk:paypal-android-sdk:2.13.1] AndroidManifest.xml:9:5-79
	android:name
		ADDED from src\main\AndroidManifest.xml:34:22-76
uses-permission#android.permission.RECEIVE_BOOT_COMPLETED
ADDED from src\main\AndroidManifest.xml:35:5-81
	android:name
		ADDED from src\main\AndroidManifest.xml:35:22-78
uses-permission#android.permission.WRITE_SETTINGS
ADDED from src\main\AndroidManifest.xml:36:5-73
	android:name
		ADDED from src\main\AndroidManifest.xml:36:22-70
uses-permission#android.permission.VIBRATE
ADDED from src\main\AndroidManifest.xml:37:5-66
MERGED from [io.card:android-sdk:5.3.0] AndroidManifest.xml:12:5-66
	android:name
		ADDED from src\main\AndroidManifest.xml:37:22-63
uses-permission#android.permission.READ_EXTERNAL_STORAGE
ADDED from src\main\AndroidManifest.xml:38:5-80
	android:name
		ADDED from src\main\AndroidManifest.xml:38:22-77
uses-permission#android.permission.WRITE_EXTERNAL_STORAGE
ADDED from src\main\AndroidManifest.xml:39:5-81
MERGED from [com.daimajia.slider:library:1.1.5] AndroidManifest.xml:12:5-81
	android:name
		ADDED from src\main\AndroidManifest.xml:39:22-78
uses-permission#android.permission.ACCESS_DOWNLOAD_MANAGER
ADDED from src\main\AndroidManifest.xml:40:5-82
	android:name
		ADDED from src\main\AndroidManifest.xml:40:22-79
uses-permission#android.permission.DOWNLOAD_WITHOUT_NOTIFICATION
ADDED from src\main\AndroidManifest.xml:41:5-88
	android:name
		ADDED from src\main\AndroidManifest.xml:41:22-85
uses-permission#android.permission.DISABLE_KEYGUARD
ADDED from src\main\AndroidManifest.xml:42:5-75
	android:name
		ADDED from src\main\AndroidManifest.xml:42:22-72
uses-permission#android.permission.ACCESS_FINE_LOCATION
ADDED from src\main\AndroidManifest.xml:43:5-79
	android:name
		ADDED from src\main\AndroidManifest.xml:43:22-76
uses-permission#android.permission.ACCESS_COARSE_LOCATION
ADDED from src\main\AndroidManifest.xml:44:5-81
	android:name
		ADDED from src\main\AndroidManifest.xml:44:22-78
uses-permission#android.permission.ACCESS_WIFI_STATE
ADDED from src\main\AndroidManifest.xml:45:5-76
	android:name
		ADDED from src\main\AndroidManifest.xml:45:22-73
uses-permission#android.permission.EXPAND_STATUS_BAR
ADDED from src\main\AndroidManifest.xml:46:5-76
	android:name
		ADDED from src\main\AndroidManifest.xml:46:22-73
uses-permission#android.permission.CAMERA
ADDED from src\main\AndroidManifest.xml:48:5-65
MERGED from [io.card:android-sdk:5.3.0] AndroidManifest.xml:11:5-65
	android:name
		ADDED from src\main\AndroidManifest.xml:48:22-62
uses-feature#android.hardware.camera
ADDED from src\main\AndroidManifest.xml:49:5-60
MERGED from [io.card:android-sdk:5.3.0] AndroidManifest.xml:14:5-16:36
	android:name
		ADDED from src\main\AndroidManifest.xml:49:19-57
uses-feature#android.hardware.camera.autofocus
ADDED from src\main\AndroidManifest.xml:50:5-70
MERGED from [io.card:android-sdk:5.3.0] AndroidManifest.xml:17:5-19:36
	android:name
		ADDED from src\main\AndroidManifest.xml:50:19-67
uses-permission#android.permission.RECORD_AUDIO
ADDED from src\main\AndroidManifest.xml:51:5-71
	android:name
		ADDED from src\main\AndroidManifest.xml:51:22-68
application
ADDED from src\main\AndroidManifest.xml:53:5-279:19
MERGED from [com.crashlytics.sdk.android:crashlytics:2.5.3] AndroidManifest.xml:11:5-20
MERGED from [com.crashlytics.sdk.android:beta:1.1.4] AndroidManifest.xml:11:5-20
MERGED from [io.fabric.sdk.android:fabric:1.3.8] AndroidManifest.xml:27:5-20
MERGED from [com.crashlytics.sdk.android:answers:1.3.4] AndroidManifest.xml:11:5-20
MERGED from [io.fabric.sdk.android:fabric:1.3.8] AndroidManifest.xml:27:5-20
MERGED from [com.crashlytics.sdk.android:crashlytics-core:2.3.6] AndroidManifest.xml:11:5-20
MERGED from [com.crashlytics.sdk.android:answers:1.3.4] AndroidManifest.xml:11:5-20
MERGED from [io.fabric.sdk.android:fabric:1.3.8] AndroidManifest.xml:27:5-20
MERGED from [io.fabric.sdk.android:fabric:1.3.8] AndroidManifest.xml:27:5-20
MERGED from [io.fabric.sdk.android:fabric:1.3.8] AndroidManifest.xml:27:5-20
MERGED from [com.android.support:support-v13:22.2.0] AndroidManifest.xml:22:5-20
MERGED from [com.android.support:support-v4:23.1.1] AndroidManifest.xml:22:5-20
MERGED from [com.google.android.gms:play-services-analytics:7.3.0] AndroidManifest.xml:19:5-20
MERGED from [com.google.android.gms:play-services-base:7.3.0] AndroidManifest.xml:20:5-24:19
MERGED from [com.android.support:support-v4:23.1.1] AndroidManifest.xml:22:5-20
MERGED from [com.android.support:appcompat-v7:22.2.0] AndroidManifest.xml:22:5-20
MERGED from [com.android.support:support-v4:23.1.1] AndroidManifest.xml:22:5-20
MERGED from [com.facebook.android:facebook-android-sdk:4.8.1] AndroidManifest.xml:28:5-20
MERGED from [com.android.support:support-v4:23.1.1] AndroidManifest.xml:22:5-20
MERGED from [com.android.support:support-v4:23.1.1] AndroidManifest.xml:22:5-20
MERGED from [Animations:WeiboSdk:unspecified] AndroidManifest.xml:11:5-20
MERGED from [com.android.support:appcompat-v7:22.2.0] AndroidManifest.xml:22:5-20
MERGED from [com.android.support:support-v4:23.1.1] AndroidManifest.xml:22:5-20
MERGED from [com.paypal.sdk:paypal-android-sdk:2.13.1] AndroidManifest.xml:12:5-26:19
MERGED from [io.card:android-sdk:5.3.0] AndroidManifest.xml:21:5-26:19
	android:label
		ADDED from src\main\AndroidManifest.xml:55:9-41
	android:allowBackup
		ADDED from src\main\AndroidManifest.xml:53:18-44
	android:icon
		ADDED from src\main\AndroidManifest.xml:56:9-45
	android:theme
		ADDED from src\main\AndroidManifest.xml:57:9-70
	android:name
		ADDED from src\main\AndroidManifest.xml:54:9-79
activity#com.example.android.animationsdemo.MainActivity
ADDED from src\main\AndroidManifest.xml:59:9-71:20
	android:label
		ADDED from src\main\AndroidManifest.xml:60:13-45
	android:name
		ADDED from src\main\AndroidManifest.xml:59:19-47
intent-filter#android.intent.action.MAIN+android.intent.category.LAUNCHER
ADDED from src\main\AndroidManifest.xml:61:13-64:29
action#android.intent.action.MAIN
ADDED from src\main\AndroidManifest.xml:62:17-69
	android:name
		ADDED from src\main\AndroidManifest.xml:62:25-66
category#android.intent.category.LAUNCHER
ADDED from src\main\AndroidManifest.xml:63:17-77
	android:name
		ADDED from src\main\AndroidManifest.xml:63:27-74
intent-filter#android.intent.action.VIEW+android.intent.category.BROWSABLE+android.intent.category.DEFAULT
ADDED from src\main\AndroidManifest.xml:65:13-70:29
action#android.intent.action.VIEW
ADDED from src\main\AndroidManifest.xml:66:17-76
	android:name
		ADDED from src\main\AndroidManifest.xml:66:25-66
category#android.intent.category.DEFAULT
ADDED from src\main\AndroidManifest.xml:67:17-85
	android:name
		ADDED from src\main\AndroidManifest.xml:67:27-73
category#android.intent.category.BROWSABLE
ADDED from src\main\AndroidManifest.xml:68:17-87
	android:name
		ADDED from src\main\AndroidManifest.xml:68:27-75
data
ADDED from src\main\AndroidManifest.xml:69:17-80
	android:host
		ADDED from src\main\AndroidManifest.xml:69:23-48
	android:scheme
		ADDED from src\main\AndroidManifest.xml:69:49-72
service#com.example.android.animationsdemo.DownloadService
ADDED from src\main\AndroidManifest.xml:73:9-51
	android:name
		ADDED from src\main\AndroidManifest.xml:73:18-49
activity#com.example.android.animationsdemo.CrossfadeActivity
ADDED from src\main\AndroidManifest.xml:75:9-81:20
	android:label
		ADDED from src\main\AndroidManifest.xml:76:13-52
	android:parentActivityName
		ADDED from src\main\AndroidManifest.xml:78:13-55
	android:uiOptions
		ADDED from src\main\AndroidManifest.xml:77:13-57
	android:name
		ADDED from src\main\AndroidManifest.xml:75:19-52
meta-data#android.support.PARENT_ACTIVITY
ADDED from src\main\AndroidManifest.xml:79:13-80:49
	android:value
		ADDED from src\main\AndroidManifest.xml:80:17-46
	android:name
		ADDED from src\main\AndroidManifest.xml:79:24-70
activity#com.example.android.animationsdemo.CardFlipActivity
ADDED from src\main\AndroidManifest.xml:83:9-89:20
	android:label
		ADDED from src\main\AndroidManifest.xml:84:13-52
	android:parentActivityName
		ADDED from src\main\AndroidManifest.xml:85:13-55
	android:theme
		ADDED from src\main\AndroidManifest.xml:86:13-45
	android:name
		ADDED from src\main\AndroidManifest.xml:83:19-51
activity#com.example.android.animationsdemo.ScreenSlideActivity
ADDED from src\main\AndroidManifest.xml:91:9-97:20
	android:label
		ADDED from src\main\AndroidManifest.xml:92:13-55
	android:parentActivityName
		ADDED from src\main\AndroidManifest.xml:93:13-55
	android:uiOptions
		ADDED from src\main\AndroidManifest.xml:94:13-57
	android:name
		ADDED from src\main\AndroidManifest.xml:91:19-54
activity#com.example.android.animationsdemo.ZoomActivity
ADDED from src\main\AndroidManifest.xml:99:9-104:20
	android:label
		ADDED from src\main\AndroidManifest.xml:100:13-47
	android:parentActivityName
		ADDED from src\main\AndroidManifest.xml:101:13-55
	android:name
		ADDED from src\main\AndroidManifest.xml:99:19-47
activity#com.example.android.animationsdemo.LayoutChangesActivity
ADDED from src\main\AndroidManifest.xml:106:9-111:20
	android:label
		ADDED from src\main\AndroidManifest.xml:107:13-57
	android:parentActivityName
		ADDED from src\main\AndroidManifest.xml:108:13-55
	android:name
		ADDED from src\main\AndroidManifest.xml:106:19-56
activity#com.example.android.animationsdemo.GirdPagerSearchBarActivity
ADDED from src\main\AndroidManifest.xml:113:9-118:20
	android:label
		ADDED from src\main\AndroidManifest.xml:114:13-51
	android:parentActivityName
		ADDED from src\main\AndroidManifest.xml:115:13-55
	android:name
		ADDED from src\main\AndroidManifest.xml:113:19-61
activity#com.example.android.animationsdemo.FacebookSdkActivity
ADDED from src\main\AndroidManifest.xml:120:9-128:20
	android:label
		ADDED from src\main\AndroidManifest.xml:121:13-48
	android:name
		ADDED from src\main\AndroidManifest.xml:120:19-54
activity#com.example.android.animationsdemo.FullScreenActivity
ADDED from src\main\AndroidManifest.xml:130:9-133:20
	android:label
		ADDED from src\main\AndroidManifest.xml:131:13-47
	android:theme
		ADDED from src\main\AndroidManifest.xml:132:13-56
	android:name
		ADDED from src\main\AndroidManifest.xml:130:19-53
activity#com.facebook.FacebookActivity
ADDED from src\main\AndroidManifest.xml:135:9-138:48
	android:label
		ADDED from src\main\AndroidManifest.xml:138:13-45
	android:configChanges
		ADDED from src\main\AndroidManifest.xml:136:13-96
	android:theme
		ADDED from src\main\AndroidManifest.xml:137:13-72
	android:name
		ADDED from src\main\AndroidManifest.xml:135:19-63
activity#com.example.android.animationsdemo.RecentQueryActivity
ADDED from src\main\AndroidManifest.xml:140:9-141:51
	android:label
		ADDED from src\main\AndroidManifest.xml:141:13-48
	android:name
		ADDED from src\main\AndroidManifest.xml:140:19-54
activity#com.example.android.animationsdemo.PopCategoryActivity
ADDED from src\main\AndroidManifest.xml:142:9-143:51
	android:label
		ADDED from src\main\AndroidManifest.xml:143:13-48
	android:name
		ADDED from src\main\AndroidManifest.xml:142:19-54
activity#com.example.android.animationsdemo.NavigationDrawerActivity
ADDED from src\main\AndroidManifest.xml:144:9-145:56
	android:label
		ADDED from src\main\AndroidManifest.xml:145:13-53
	android:name
		ADDED from src\main\AndroidManifest.xml:144:19-59
activity#com.example.android.animationsdemo.ImageSliderActivity
ADDED from src\main\AndroidManifest.xml:146:9-147:51
	android:label
		ADDED from src\main\AndroidManifest.xml:147:13-48
	android:name
		ADDED from src\main\AndroidManifest.xml:146:19-54
activity#com.example.android.animationsdemo.ImageSearchActivity
ADDED from src\main\AndroidManifest.xml:148:9-149:51
	android:label
		ADDED from src\main\AndroidManifest.xml:149:13-48
	android:name
		ADDED from src\main\AndroidManifest.xml:148:19-54
activity#com.example.android.animationsdemo.WeiboApiActivity
ADDED from src\main\AndroidManifest.xml:150:9-151:48
	android:label
		ADDED from src\main\AndroidManifest.xml:151:13-45
	android:name
		ADDED from src\main\AndroidManifest.xml:150:19-51
activity#com.example.android.animationsdemo.PayPalActivity
ADDED from src\main\AndroidManifest.xml:152:9-153:46
	android:label
		ADDED from src\main\AndroidManifest.xml:153:13-43
	android:name
		ADDED from src\main\AndroidManifest.xml:152:19-49
activity#com.example.android.animationsdemo.CameraActivity
ADDED from src\main\AndroidManifest.xml:154:9-157:51
	android:screenOrientation
		ADDED from src\main\AndroidManifest.xml:157:13-49
	android:label
		ADDED from src\main\AndroidManifest.xml:155:13-43
	android:theme
		ADDED from src\main\AndroidManifest.xml:156:13-71
	android:name
		ADDED from src\main\AndroidManifest.xml:154:19-49
activity#com.example.android.animationsdemo.baidu.PushDemoActivity
ADDED from src\main\AndroidManifest.xml:158:9-167:20
	android:screenOrientation
		ADDED from src\main\AndroidManifest.xml:162:13-49
	android:label
		ADDED from src\main\AndroidManifest.xml:160:13-45
	android:launchMode
		ADDED from src\main\AndroidManifest.xml:161:13-44
	android:name
		ADDED from src\main\AndroidManifest.xml:159:13-51
meta-data#io.fabric.ApiKey
ADDED from src\main\AndroidManifest.xml:169:9-171:72
	android:value
		ADDED from src\main\AndroidManifest.xml:171:13-69
	android:name
		ADDED from src\main\AndroidManifest.xml:170:13-44
meta-data#com.facebook.sdk.ApplicationId
ADDED from src\main\AndroidManifest.xml:172:9-107
	android:value
		ADDED from src\main\AndroidManifest.xml:172:66-105
	android:name
		ADDED from src\main\AndroidManifest.xml:172:20-65
receiver#com.google.android.gms.analytics.AnalyticsReceiver
ADDED from src\main\AndroidManifest.xml:176:9-181:20
	android:enabled
		ADDED from src\main\AndroidManifest.xml:177:13-35
	android:name
		ADDED from src\main\AndroidManifest.xml:176:19-84
intent-filter#com.google.android.gms.analytics.ANALYTICS_DISPATCH
ADDED from src\main\AndroidManifest.xml:178:13-180:29
action#com.google.android.gms.analytics.ANALYTICS_DISPATCH
ADDED from src\main\AndroidManifest.xml:179:17-94
	android:name
		ADDED from src\main\AndroidManifest.xml:179:25-91
service#com.google.android.gms.analytics.AnalyticsService
ADDED from src\main\AndroidManifest.xml:182:9-184:39
	android:enabled
		ADDED from src\main\AndroidManifest.xml:183:13-35
	android:exported
		ADDED from src\main\AndroidManifest.xml:184:13-37
	android:name
		ADDED from src\main\AndroidManifest.xml:182:18-82
receiver#com.google.android.gms.analytics.CampaignTrackingReceiver
ADDED from src\main\AndroidManifest.xml:188:9-193:20
	android:exported
		ADDED from src\main\AndroidManifest.xml:189:13-36
	android:name
		ADDED from src\main\AndroidManifest.xml:188:19-91
intent-filter#com.android.vending.INSTALL_REFERRER
ADDED from src\main\AndroidManifest.xml:190:13-192:29
action#com.android.vending.INSTALL_REFERRER
ADDED from src\main\AndroidManifest.xml:191:17-79
	android:name
		ADDED from src\main\AndroidManifest.xml:191:25-76
service#com.google.android.gms.analytics.CampaignTrackingService
ADDED from src\main\AndroidManifest.xml:194:9-92
	android:name
		ADDED from src\main\AndroidManifest.xml:194:18-89
activity#com.sina.weibo.sdk.component.WeiboSdkBrowser
ADDED from src\main\AndroidManifest.xml:198:9-202:20
	android:exported
		ADDED from src\main\AndroidManifest.xml:201:13-37
	android:windowSoftInputMode
		ADDED from src\main\AndroidManifest.xml:200:13-55
	android:configChanges
		ADDED from src\main\AndroidManifest.xml:199:13-63
	android:name
		ADDED from src\main\AndroidManifest.xml:198:19-78
receiver#com.example.android.animationsdemo.baidu.MyPushMessageReceiver
ADDED from src\main\AndroidManifest.xml:206:9-215:20
	android:name
		ADDED from src\main\AndroidManifest.xml:206:19-96
intent-filter#com.baidu.android.pushservice.action.MESSAGE+com.baidu.android.pushservice.action.RECEIVE+com.baidu.android.pushservice.action.notification.CLICK
ADDED from src\main\AndroidManifest.xml:207:13-214:29
action#com.baidu.android.pushservice.action.MESSAGE
ADDED from src\main\AndroidManifest.xml:210:17-87
	android:name
		ADDED from src\main\AndroidManifest.xml:210:25-84
action#com.baidu.android.pushservice.action.RECEIVE
ADDED from src\main\AndroidManifest.xml:212:17-87
	android:name
		ADDED from src\main\AndroidManifest.xml:212:25-84
action#com.baidu.android.pushservice.action.notification.CLICK
ADDED from src\main\AndroidManifest.xml:213:17-98
	android:name
		ADDED from src\main\AndroidManifest.xml:213:25-95
receiver#com.baidu.android.pushservice.PushServiceReceiver
ADDED from src\main\AndroidManifest.xml:218:9-235:20
	android:process
		ADDED from src\main\AndroidManifest.xml:220:13-44
	android:name
		ADDED from src\main\AndroidManifest.xml:219:13-77
intent-filter#android.intent.action.ACTION_POWER_CONNECTED+android.intent.action.ACTION_POWER_DISCONNECTED+android.intent.action.BOOT_COMPLETED+android.intent.action.MEDIA_MOUNTED+android.intent.action.USER_PRESENT+android.net.conn.CONNECTIVITY_CHANGE+com.baidu.android.pushservice.action.adnotification.ADCLICK+com.baidu.android.pushservice.action.adnotification.ADDELETE+com.baidu.android.pushservice.action.advertise.notification.SHOW+com.baidu.android.pushservice.action.media.CLICK+com.baidu.android.pushservice.action.notification.SHOW
ADDED from src\main\AndroidManifest.xml:221:13-234:29
action#android.intent.action.BOOT_COMPLETED
ADDED from src\main\AndroidManifest.xml:222:17-79
	android:name
		ADDED from src\main\AndroidManifest.xml:222:25-76
action#android.net.conn.CONNECTIVITY_CHANGE
ADDED from src\main\AndroidManifest.xml:223:17-79
	android:name
		ADDED from src\main\AndroidManifest.xml:223:25-76
action#com.baidu.android.pushservice.action.notification.SHOW
ADDED from src\main\AndroidManifest.xml:224:17-97
	android:name
		ADDED from src\main\AndroidManifest.xml:224:25-94
action#com.baidu.android.pushservice.action.advertise.notification.SHOW
ADDED from src\main\AndroidManifest.xml:225:17-107
	android:name
		ADDED from src\main\AndroidManifest.xml:225:25-104
action#com.baidu.android.pushservice.action.adnotification.ADCLICK
ADDED from src\main\AndroidManifest.xml:226:17-102
	android:name
		ADDED from src\main\AndroidManifest.xml:226:25-99
action#com.baidu.android.pushservice.action.adnotification.ADDELETE
ADDED from src\main\AndroidManifest.xml:227:17-103
	android:name
		ADDED from src\main\AndroidManifest.xml:227:25-100
action#com.baidu.android.pushservice.action.media.CLICK
ADDED from src\main\AndroidManifest.xml:228:17-91
	android:name
		ADDED from src\main\AndroidManifest.xml:228:25-88
action#android.intent.action.MEDIA_MOUNTED
ADDED from src\main\AndroidManifest.xml:230:17-78
	android:name
		ADDED from src\main\AndroidManifest.xml:230:25-75
action#android.intent.action.USER_PRESENT
ADDED from src\main\AndroidManifest.xml:231:17-77
	android:name
		ADDED from src\main\AndroidManifest.xml:231:25-74
action#android.intent.action.ACTION_POWER_CONNECTED
ADDED from src\main\AndroidManifest.xml:232:17-87
	android:name
		ADDED from src\main\AndroidManifest.xml:232:25-84
action#android.intent.action.ACTION_POWER_DISCONNECTED
ADDED from src\main\AndroidManifest.xml:233:17-90
	android:name
		ADDED from src\main\AndroidManifest.xml:233:25-87
receiver#com.baidu.android.pushservice.RegistrationReceiver
ADDED from src\main\AndroidManifest.xml:236:9-248:20
	android:process
		ADDED from src\main\AndroidManifest.xml:238:13-44
	android:name
		ADDED from src\main\AndroidManifest.xml:237:13-78
intent-filter#com.baidu.android.pushservice.action.BIND_SYNC+com.baidu.android.pushservice.action.METHOD
ADDED from src\main\AndroidManifest.xml:239:13-242:29
action#com.baidu.android.pushservice.action.METHOD
ADDED from src\main\AndroidManifest.xml:240:17-86
	android:name
		ADDED from src\main\AndroidManifest.xml:240:25-83
action#com.baidu.android.pushservice.action.BIND_SYNC
ADDED from src\main\AndroidManifest.xml:241:17-89
	android:name
		ADDED from src\main\AndroidManifest.xml:241:25-86
intent-filter#android.intent.action.PACKAGE_REMOVED
ADDED from src\main\AndroidManifest.xml:243:13-247:29
action#android.intent.action.PACKAGE_REMOVED
ADDED from src\main\AndroidManifest.xml:244:17-80
	android:name
		ADDED from src\main\AndroidManifest.xml:244:25-77
service#com.baidu.android.pushservice.PushService
ADDED from src\main\AndroidManifest.xml:250:9-257:19
	android:process
		ADDED from src\main\AndroidManifest.xml:253:13-44
	android:exported
		ADDED from src\main\AndroidManifest.xml:252:13-36
	android:name
		ADDED from src\main\AndroidManifest.xml:251:13-69
intent-filter#com.baidu.android.pushservice.action.PUSH_SERVICE
ADDED from src\main\AndroidManifest.xml:254:13-256:29
action#com.baidu.android.pushservice.action.PUSH_SERVICE
ADDED from src\main\AndroidManifest.xml:255:17-92
	android:name
		ADDED from src\main\AndroidManifest.xml:255:25-89
service#com.baidu.android.pushservice.CommandService
ADDED from src\main\AndroidManifest.xml:258:9-261:39
	android:enabled
		ADDED from src\main\AndroidManifest.xml:260:13-35
	android:exported
		ADDED from src\main\AndroidManifest.xml:261:13-36
	android:name
		ADDED from src\main\AndroidManifest.xml:259:13-72
provider#com.baidu.android.pushservice.util.PushADProvider
ADDED from src\main\AndroidManifest.xml:264:9-267:38
	android:authorities
		ADDED from src\main\AndroidManifest.xml:266:13-75
	android:exported
		ADDED from src\main\AndroidManifest.xml:267:13-36
	android:name
		ADDED from src\main\AndroidManifest.xml:265:13-77
activity#com.baidu.android.pushservice.PushKeepAlive
ADDED from src\main\AndroidManifest.xml:270:9-272:74
	android:theme
		ADDED from src\main\AndroidManifest.xml:272:13-72
	android:name
		ADDED from src\main\AndroidManifest.xml:271:13-71
meta-data#api_key
ADDED from src\main\AndroidManifest.xml:276:9-278:56
	android:value
		ADDED from src\main\AndroidManifest.xml:278:13-53
	android:name
		ADDED from src\main\AndroidManifest.xml:277:13-35
meta-data#com.google.android.gms.version
ADDED from [com.google.android.gms:play-services-base:7.3.0] AndroidManifest.xml:21:9-23:69
	android:value
		ADDED from [com.google.android.gms:play-services-base:7.3.0] AndroidManifest.xml:23:13-66
	android:name
		ADDED from [com.google.android.gms:play-services-base:7.3.0] AndroidManifest.xml:22:13-58
activity#com.paypal.android.sdk.payments.PaymentActivity
ADDED from [com.paypal.sdk:paypal-android-sdk:2.13.1] AndroidManifest.xml:13:9-84
	android:name
		ADDED from [com.paypal.sdk:paypal-android-sdk:2.13.1] AndroidManifest.xml:13:19-81
activity#com.paypal.android.sdk.payments.PaymentMethodActivity
ADDED from [com.paypal.sdk:paypal-android-sdk:2.13.1] AndroidManifest.xml:14:9-90
	android:name
		ADDED from [com.paypal.sdk:paypal-android-sdk:2.13.1] AndroidManifest.xml:14:19-87
activity#com.paypal.android.sdk.payments.PaymentConfirmActivity
ADDED from [com.paypal.sdk:paypal-android-sdk:2.13.1] AndroidManifest.xml:15:9-91
	android:name
		ADDED from [com.paypal.sdk:paypal-android-sdk:2.13.1] AndroidManifest.xml:15:19-88
activity#com.paypal.android.sdk.payments.LoginActivity
ADDED from [com.paypal.sdk:paypal-android-sdk:2.13.1] AndroidManifest.xml:16:9-82
	android:name
		ADDED from [com.paypal.sdk:paypal-android-sdk:2.13.1] AndroidManifest.xml:16:19-79
activity#com.paypal.android.sdk.payments.PayPalFuturePaymentActivity
ADDED from [com.paypal.sdk:paypal-android-sdk:2.13.1] AndroidManifest.xml:17:9-96
	android:name
		ADDED from [com.paypal.sdk:paypal-android-sdk:2.13.1] AndroidManifest.xml:17:19-93
activity#com.paypal.android.sdk.payments.FuturePaymentConsentActivity
ADDED from [com.paypal.sdk:paypal-android-sdk:2.13.1] AndroidManifest.xml:18:9-97
	android:name
		ADDED from [com.paypal.sdk:paypal-android-sdk:2.13.1] AndroidManifest.xml:18:19-94
activity#com.paypal.android.sdk.payments.FuturePaymentInfoActivity
ADDED from [com.paypal.sdk:paypal-android-sdk:2.13.1] AndroidManifest.xml:19:9-94
	android:name
		ADDED from [com.paypal.sdk:paypal-android-sdk:2.13.1] AndroidManifest.xml:19:19-91
activity#com.paypal.android.sdk.payments.PayPalProfileSharingActivity
ADDED from [com.paypal.sdk:paypal-android-sdk:2.13.1] AndroidManifest.xml:20:9-97
	android:name
		ADDED from [com.paypal.sdk:paypal-android-sdk:2.13.1] AndroidManifest.xml:20:19-94
activity#com.paypal.android.sdk.payments.ProfileSharingConsentActivity
ADDED from [com.paypal.sdk:paypal-android-sdk:2.13.1] AndroidManifest.xml:21:9-98
	android:name
		ADDED from [com.paypal.sdk:paypal-android-sdk:2.13.1] AndroidManifest.xml:21:19-95
service#com.paypal.android.sdk.payments.PayPalService
ADDED from [com.paypal.sdk:paypal-android-sdk:2.13.1] AndroidManifest.xml:23:9-25:40
	android:exported
		ADDED from [com.paypal.sdk:paypal-android-sdk:2.13.1] AndroidManifest.xml:25:13-37
	android:name
		ADDED from [com.paypal.sdk:paypal-android-sdk:2.13.1] AndroidManifest.xml:24:13-73
activity#io.card.payment.CardIOActivity
ADDED from [io.card:android-sdk:5.3.0] AndroidManifest.xml:22:9-24:66
	android:configChanges
		ADDED from [io.card:android-sdk:5.3.0] AndroidManifest.xml:24:13-63
	android:name
		ADDED from [io.card:android-sdk:5.3.0] AndroidManifest.xml:23:13-58
activity#io.card.payment.DataEntryActivity
ADDED from [io.card:android-sdk:5.3.0] AndroidManifest.xml:25:9-70
	android:name
		ADDED from [io.card:android-sdk:5.3.0] AndroidManifest.xml:25:19-67